make all --print-data-base --no-builtin-variables --no-builtin-rules --question
# GNU Make 3.81
# Copyright (C) 2006  Free Software Foundation, Inc.
# This is free software; see the source for copying conditions.
# There is NO warranty; not even for MERCHANTABILITY or FITNESS FOR A
# PARTICULAR PURPOSE.

# This program built for i386-apple-darwin11.3.0
 
make: *** No rule to make target `all'.  Stop.


# Make data base, printed on Wed Jun 29 10:19:26 2022

# Variables

# automatic
<D = $(patsubst %/,%,$(dir $<))
# automatic
?F = $(notdir $?)
# environment
ELECTRON_NO_ATTACH_CONSOLE = 1
# environment
VSCODE_LOG_NATIVE = false
# automatic
?D = $(patsubst %/,%,$(dir $?))
# automatic
@D = $(patsubst %/,%,$(dir $@))
# automatic
@F = $(notdir $@)
# makefile
CURDIR := /Users/lucpuiroux/Developer/go_microservice
# makefile
SHELL = /bin/sh
# environment
VSCODE_NLS_CONFIG = {"locale":"fr","availableLanguages":{},"_languagePackSupport":true}
# environment
_ = /usr/bin/make
# makefile (from `Makefile', line 1)
MAKEFILE_LIST :=  Makefile
# environment
VSCODE_VERBOSE_LOGGING = true
# environment
 
CLOUDSDK_PYTHON = /usr/local/opt/python3/libexec/bin/python
# environment
__CFBundleIdentifier = com.microsoft.VSCode
# environment
VSCODE_IPC_HOOK_EXTHOST = /var/folders/wd/r3_lrh2s58qd_s9xfcbnfqpm0000gn/T/vscode-ipc-384883b3-a94e-45af-aeaf-324a09f7ac43.sock
# environment
VSCODE_CWD = /Users/lucpuiroux/Developer/go_microservice
# environment
PATH = /Users/lucpuiroux/.asdf/shims:/usr/local/opt/asdf/libexec/bin:/Users/lucpuiroux/Developer/go/bin:/usr/local/go/bin:/usr/local/Caskroom/google-cloud-sdk/latest/google-cloud-sdk/bin:/usr/local/opt/openssl@1.1/bin:/usr/local/sbin:/usr/local/bin:/usr/bin:/bin:/usr/sbin:/sbin:/usr/local/go/bin:/usr/local/MacGPG2/bin:/Users/lucpuiroux/Library/Application Support/cloud-code/installer/google-cloud-sdk/bin:/Users/lucpuiroux/google-cloud-sdk/bin
# environment
GOROOT = /usr/local/go
# environment
LSCOLORS = Gxfxcxdxbxegedabagacad
# environment
DEV_DIR = /Users/lucpuiroux/Developer/
# environment
HIVEBRITE_DEV_DIR = /Users/lucpuiroux/Developer/
# environment
GOPATH = /Users/lucpuiroux/Developer/go
# environment
VSCODE_LOG_STACK = false
# environment
ELECTRON_RUN_AS_NODE = 1
# default
.FEATURES := target-specific order-only second-expansion else-if archives jobserver check-symlink
# environment
CLOUDSDK_METRICS_ENVIRONMENT = cloudcode.vscode
# environment
SSH_AUTH_SOCK = /private/tmp/com.apple.launchd.dwHJfzYRXy/Listeners
# automatic
%F = $(notdir $%)
# environment
CLOUDSDK_METRICS_ENVIRONMENT_VERSION = 1.18.3
# environment
VSCODE_PIPE_LOGGING = true
# environment
PWD = /Users/lucpuiroux/Developer/go_microservice
# environment
ORIGINAL_XDG_CURRENT_DESKTOP = undefined
# environment
VSCODE_AMD_ENTRYPOINT = vs/workbench/api/node/extensionHostProcess
# environment
HOME = /Users/lucpuiroux
# default
MAKEFILEPATH = $(shell /usr/bin/xcode-select -print-path 2>/dev/null || echo /Developer)/Makefiles
# environment
VSCODE_CLI = 1
# environment
VSCODE_CODE_CACHE_PATH = /Users/lucpuiroux/Library/Application Support/Code/CachedData/30d9c6cd9483b2cc586687151bcbcd635f373630
# environment
LOGNAME = lucpuiroux
# environment
APPLICATION_INSIGHTS_NO_DIAGNOSTIC_CHANNEL = true
# environment
ZSH = /Users/lucpuiroux/.oh-my-zsh
# environment
VSCODE_HANDLES_UNCAUGHT_ERRORS = true
# automatic
^D = $(patsubst %/,%,$(dir $^))
# makefile (from `Makefile', line 1)
FRONT_END_BINARY = frontApp
# environment
XPC_FLAGS = 0x0
# environment
COLORTERM = truecolor
# default
MAKE = $(MAKE_COMMAND)
# environment
LC_TERMINAL = iTerm2
# environment
SHLVL = 3
# default
MAKE_VERSION := 3.81
# environment
USER = lucpuiroux
# makefile
.DEFAULT_GOAL := up
# default
MAKECMDGOALS := all
# environment
TERM_SESSION_ID = w0t0p1:F45B4D24-4EFA-4458-8E1C-41777F59C244
# environment
LESS = -R
# automatic
%D = $(patsubst %/,%,$(dir $%))
# default
MAKE_COMMAND := /Library/Developer/CommandLineTools/usr/bin/make
# environment
TERM_PROGRAM = iTerm.app
# default
.VARIABLES := 
# environment
TMPDIR = /var/folders/wd/r3_lrh2s58qd_s9xfcbnfqpm0000gn/T/
# automatic
*F = $(notdir $*)
# environment
VSCODE_IPC_HOOK = /Users/lucpuiroux/Library/Application Support/Code/1.68.1-main.sock
# makefile
MAKEFLAGS = Rrqp
# environment
MFLAGS = -Rrqp
# automatic
*D = $(patsubst %/,%,$(dir $*))
# environment
TERM_PROGRAM_VERSION = 3.4.15
# environment
XPC_SERVICE_NAME = application.com.microsoft.VSCode.40402437.40402443.3A98FF67-C017-40E4-91D8-3922F069897A
# makefile (from `Makefile', line 2)
BROKER_BINARY = brokerApp
# environment
LC_TERMINAL_VERSION = 3.4.15
# automatic
+D = $(patsubst %/,%,$(dir $+))
# automatic
+F = $(notdir $+)
# environment
ITERM_SESSION_ID = w0t0p1:F45B4D24-4EFA-4458-8E1C-41777F59C244
# environment
COLORFGBG = 15;0
# environment
__CF_USER_TEXT_ENCODING = 0x1F5:0x0:0x1
# environment
COMMAND_MODE = unix2003
# default
MAKEFILES := 
# automatic
<F = $(notdir $<)
# environment
ITERM_PROFILE = Default
# environment
PAGER = less
# environment
LC_ALL = C
# automatic
^F = $(notdir $^)
# default
SUFFIXES := 
# environment
ASDF_DIR = /usr/local/opt/asdf/libexec
# default
.INCLUDE_DIRS = /usr/local/include
# environment
MAKELEVEL := 0
 
# environment
LANG = C
# environment
TERM = xterm-256color
# environment
VSCODE_PID = 18924
# variable set hash-table stats:
# Load=88/1024=9%, Rehash=0, Collisions=5/112=4%

# Pattern-specific Variable Values

# No pattern-specific variable values.

# Directories

# . (device 16777221, inode 41241573): 9 files, no impossibilities.

# 9 files, no impossibilities in 1 directories.

# Implicit Rules

# No implicit rules.

# Files

stop:
#  Implicit rule search has not been done.
#  Modification time never checked.
#  File has not been updated.
#  commands to execute (from `Makefile', line 43):
	@echo "Stopping front end..."
	@-pkill -SIGTERM -f "./${FRONT_END_BINARY}"
	@echo "Stopped front end!"
	

# Not a target:
all:
#  Command-line target.
#  Implicit rule search has been done.
#  File does not exist.
#  File has not been updated.
# variable set hash-table stats:
# Load=0/32=0%, Rehash=0, Collisions=0/0=0%

up:
#  Implicit rule search has not been done.
#  Modification time never checked.
#  File has not been updated.
#  commands to execute (from `Makefile', line 6):
	@echo "Starting Docker images..."
	docker-compose up -d --remove-orphans
	@echo "Docker images started!"
	

# Not a target:
.SUFFIXES:
#  Implicit rule search has not been done.
#  Modification time never checked.
#  File has not been updated.

# Not a target:
Makefile:
#  Implicit rule search has been done.
#  Last modified 2022-06-29 10:18:00
#  File has been updated.
#  Successfully updated.
# variable set hash-table stats:
# Load=0/32=0%, Rehash=0, Collisions=0/0=0%

start: build_front
#  Implicit rule search has not been done.
#  Modification time never checked.
#  File has not been updated.
#  commands to execute (from `Makefile', line 38):
	@echo "Starting front end"
	cd ../front-end && ./${FRONT_END_BINARY} &
	

build_front:
#  Implicit rule search has not been done.
#  Modification time never checked.
#  File has not been updated.
#  commands to execute (from `Makefile', line 32):
	@echo "Building front end binary..."
	cd ../front-end && env CGO_ENABLED=0 go build -o ${FRONT_END_BINARY} ./cmd/web
	@echo "Done!"
	

# Not a target:
.DEFAULT:
#  Implicit rule search has not been done.
#  Modification time never checked.
#  File has not been updated.

up_build: build_broker
#  Implicit rule search has not been done.
#  Modification time never checked.
#  File has not been updated.
#  commands to execute (from `Makefile', line 12):
	@echo "Stopping docker images (if running...)"
	docker-compose down
	@echo "Building (when required) and starting docker images..."
	docker-compose up --build -d
	@echo "Docker images built and started!"
	

build_broker:
#  Implicit rule search has not been done.
#  Modification time never checked.
#  File has not been updated.
#  commands to execute (from `Makefile', line 26):
	@echo "Building broker binary..."
	cd ../broker-service && env GOOS=linux CGO_ENABLED=0 go build -o ${BROKER_BINARY} ./cmd/api
	@echo "Done!"
	

down:
#  Implicit rule search has not been done.
#  Modification time never checked.
#  File has not been updated.
#  commands to execute (from `Makefile', line 20):
	@echo "Stopping docker compose..."
	docker-compose down
	@echo "Done!"
	

# files hash-table stats:
# Load=11/1024=1%, Rehash=0, Collisions=0/25=0%
# VPATH Search Paths

# No `vpath' search paths.

# No general (`VPATH' variable) search path.

# # of strings in strcache: 1
# # of strcache buffers: 1
# strcache size: total = 4096 / max = 4096 / min = 4096 / avg = 4096
# strcache free: total = 4087 / max = 4087 / min = 4087 / avg = 4087

# Finished Make data base on Wed Jun 29 10:19:26 2022

 
